\BOOKMARK [1][]{section.1}{\376\377\0001\000\040\176\352\213\272}{}% 1
\BOOKMARK [1][]{section.2}{\376\377\0002\000\040\136\177\116\111\166\370\133\371\213\272\116\016\133\207\133\231\133\146\126\336\230\176}{}% 2
\BOOKMARK [1][]{section.3}{\376\377\0003\000\040\131\051\145\207\133\146\211\302\155\113\213\301\143\156}{}% 3
\BOOKMARK [2][]{subsection.3.1}{\376\377\0003\000.\0001\000\040\146\037\174\373\145\313\217\154\146\362\176\277}{section.3}% 4
\BOOKMARK [2][]{subsection.3.2}{\376\377\0003\000.\0002\000\040\146\037\174\373\126\342\166\204\215\050\221\317}{section.3}% 5
\BOOKMARK [2][]{subsection.3.3}{\376\377\0003\000.\0003\000\040\137\025\122\233\220\017\225\134\145\110\136\224\116\016\133\120\137\071\146\037\174\373\126\342}{section.3}% 6
\BOOKMARK [2][]{subsection.3.4}{\376\377\0003\000.\0004\000\040\146\227\162\151\215\050\116\016\122\240\220\037\201\250\200\300\166\204\133\207\133\231}{section.3}% 7
\BOOKMARK [2][]{subsection.3.5}{\376\377\0003\000.\0005\000\040\133\207\133\231\131\047\134\072\136\246\176\323\147\204}{section.3}% 8
\BOOKMARK [1][]{section.4}{\376\377\0004\000\040\146\227\162\151\215\050\166\204\120\031\220\011\200\005}{}% 9
\BOOKMARK [2][]{subsection.4.1}{\376\377\0004\000.\0001\000\040\000W\000I\000M\000P}{section.4}% 10
\BOOKMARK [2][]{subsection.4.2}{\376\377\0004\000.\0002\000\040\217\164\133\120}{section.4}% 11
\BOOKMARK [2][]{subsection.4.3}{\376\377\0004\000.\0003\000\040\140\360\140\047\116\055\137\256\133\120\000R}{section.4}% 12
\BOOKMARK [2][]{subsection.4.4}{\376\377\0004\000.\0004\000\040\215\205\131\047\215\050\221\317\174\222\133\120\116\016\215\205\217\173\167\342\221\317\174\222\133\120}{section.4}% 13
\BOOKMARK [2][]{subsection.4.5}{\376\377\0004\000.\0005\000\040\000K\000K\174\222\133\120}{section.4}% 14
\BOOKMARK [2][]{subsection.4.6}{\376\377\0004\000.\0006\000\040\123\237\122\035\236\321\155\036}{section.4}% 15
\BOOKMARK [1][]{section.5}{\376\377\0005\000\040\146\227\162\151\215\050\166\204\143\242\155\113\133\236\232\214}{}% 16
\BOOKMARK [2][]{subsection.5.1}{\376\377\0005\000.\0001\000\040\155\361\127\060\143\242\155\113}{section.5}% 17
\BOOKMARK [2][]{subsection.5.2}{\376\377\0005\000.\0002\000\040\172\172\225\364\133\236\232\214}{section.5}% 18
\BOOKMARK [2][]{subsection.5.3}{\376\377\0005\000.\0003\000\040\133\371\144\236\147\072\116\247\165\037}{section.5}% 19
\BOOKMARK [2][]{subsection.5.4}{\376\377\0005\000.\0004\000\040\121\166\133\203\133\236\232\214}{section.5}% 20
\BOOKMARK [1][]{section.6}{\376\377\0006\000\040\000A\000T\000I\000C\230\171\166\356}{}% 21
\BOOKMARK [2][]{subsection.6.1}{\376\377\0006\000.\0001\000\040\230\171\166\356\173\200\116\313}{section.6}% 22
\BOOKMARK [2][]{subsection.6.2}{\376\377\0006\000.\0002\000\040\000A\000T\000I\000C\116\016\146\227\162\151\215\050}{section.6}% 23
\BOOKMARK [2][]{subsection.6.3}{\376\377\0006\000.\0003\000\040\133\371\000A\000T\000I\000C\230\171\166\356\163\260\162\266\166\204\213\304\213\272}{section.6}% 24
\BOOKMARK [1][]{section.7}{\376\377\0007\000\040\140\073\176\323}{}% 25
\BOOKMARK [1][]{section*.2}{\376\377\123\302\200\003\145\207\163\056}{}% 26
