\BOOKMARK [1][]{section.1}{\376\377\0001\000\040\116\300\116\110\146\057\236\321\155\036\377\037}{}% 1
\BOOKMARK [2][]{subsection.1.1}{\376\377\0001\000.\0001\000\040\236\321\155\036\166\204\123\206\123\362\165\061\147\145}{section.1}% 2
\BOOKMARK [2][]{subsection.1.2}{\376\377\0001\000.\0002\000\040\116\272\174\173\133\371\236\321\155\036\166\204\143\242\175\042\123\206\172\013}{section.1}% 3
\BOOKMARK [2][]{subsection.1.3}{\376\377\0001\000.\0003\000\040\176\331\236\321\155\036\142\315\161\147}{section.1}% 4
\BOOKMARK [2][]{subsection.1.4}{\376\377\0001\000.\0004\000\040\121\163\116\216\236\321\155\036\124\015\133\127\165\061\147\145\166\204\147\011\215\243\217\166\116\213}{section.1}% 5
\BOOKMARK [1][]{section.2}{\376\377\0002\000\040\143\211\121\145\236\321\155\036\116\113\122\115}{}% 6
\BOOKMARK [2][]{subsection.2.1}{\376\377\0002\000.\0001\000\040\236\321\155\036\166\204\124\070\171\357\166\330}{section.2}% 7
\BOOKMARK [2][]{subsection.2.2}{\376\377\0002\000.\0002\000\040\137\025\122\233\220\017\225\134\145\110\136\224\116\016\124\070\171\357\166\330}{section.2}% 8
\BOOKMARK [2][]{subsection.2.3}{\376\377\0002\000.\0003\000\040\137\025\122\233\176\242\171\373}{section.2}% 9
\BOOKMARK [1][]{section.3}{\376\377\0003\000\040\172\177\215\212\124\070\171\357\166\330}{}% 10
\BOOKMARK [2][]{subsection.3.1}{\376\377\0003\000.\0001\000\040\227\007\140\312\377\001\167\013\215\167\147\145\172\337\161\066\217\330\215\212\147\145\215\212\217\334\377\037}{section.3}% 11
\BOOKMARK [2][]{subsection.3.2}{\376\377\0003\000.\0002\000\040\145\340\200\112\116\013\127\140\000i\000n\000g}{section.3}% 12
\BOOKMARK [1][]{section.4}{\376\377\0004\000\040\230\336\215\303\116\213\116\366\211\306\165\114}{}% 13
\BOOKMARK [2][]{subsection.4.1}{\376\377\0004\000.\0001\000\040\117\125\116\072\116\213\116\366\211\306\165\114\377\037}{section.4}% 14
\BOOKMARK [2][]{subsection.4.2}{\376\377\0004\000.\0002\000\040\230\336\202\071\116\012\166\204\116\272\167\074\116\055\166\204\117\140}{section.4}% 15
\BOOKMARK [2][]{subsection.4.3}{\376\377\0004\000.\0003\000\040\121\111\133\120\164\003}{section.4}% 16
\BOOKMARK [2][]{subsection.4.4}{\376\377\0004\000.\0004\000\040\172\177\217\307\121\111\133\120\164\003\124\016\131\047\176\246\0002\0004\000\040\000s}{section.4}% 17
\BOOKMARK [2][]{subsection.4.5}{\376\377\0004\000.\0005\000\040\141\017\131\047\122\051\227\142\147\141}{section.4}% 18
\BOOKMARK [1][]{section.5}{\376\377\0005\000\040\236\321\155\036\116\055\137\303}{}% 19
\BOOKMARK [2][]{subsection.5.1}{\376\377\0005\000.\0001\000\040\116\344\116\272\142\305\137\347\166\204\145\366\172\172\131\107\160\271}{section.5}% 20
\BOOKMARK [2][]{subsection.5.2}{\376\377\0005\000.\0002\000\040\236\321\155\036\166\204\147\052\147\145}{section.5}% 21
\BOOKMARK [2][]{subsection.5.3}{\376\377\0005\000.\0003\000\040\142\021\116\354\142\100\116\015\167\345\220\123\166\204\116\213}{section.5}% 22
\BOOKMARK [1][]{section.6}{\376\377\0006\000\040\134\076\130\360}{}% 23
